<?xml version="1.0" encoding="UTF-8"?>
<!-- Generated by org.testng.reporters.JUnitXMLReporter -->
<testsuite ignored="0" hostname="DESKTOP-M05H1B8" failures="0" tests="4" name="Test" time="1.81" errors="0" timestamp="2023-01-30T21:04:37 EST">
  <testcase classname="com.HTTP.Method.Testing.GetMethodTesting" name="getContentType" time="0.007"/>
  <testcase classname="com.HTTP.Method.Testing.GetMethodTesting" name="getResponseNullOrNot" time="0.001"/>
  <testcase classname="com.HTTP.Method.Testing.GetMethodTesting" name="getResponseTime" time="0.001"/>
  <testcase classname="com.HTTP.Method.Testing.GetMethodTesting" name="getStatusCode" time="0.001"/>
</testsuite> <!-- Test -->
