<?xml version="1.0" encoding="UTF-8"?>
<testng-results ignored="0" total="4" passed="4" failed="0" skipped="0">
  <reporter-output>
  </reporter-output>
  <suite started-at="2023-01-30T21:04:35 EST" name="Suite" finished-at="2023-01-30T21:04:37 EST" duration-ms="1810">
    <groups>
    </groups>
    <test started-at="2023-01-30T21:04:35 EST" name="Test" finished-at="2023-01-30T21:04:37 EST" duration-ms="1810">
      <class name="com.HTTP.Method.Testing.GetMethodTesting">
        <test-method is-config="true" signature="getSetup()[pri:0, instance:com.HTTP.Method.Testing.GetMethodTesting@27f981c6]" started-at="2023-01-30T21:04:35 EST" name="getSetup" finished-at="2023-01-30T21:04:37 EST" duration-ms="1763" status="PASS">
          <reporter-output>
          </reporter-output>
        </test-method> <!-- getSetup -->
        <test-method signature="getContentType()[pri:0, instance:com.HTTP.Method.Testing.GetMethodTesting@27f981c6]" started-at="2023-01-30T21:04:37 EST" name="getContentType" finished-at="2023-01-30T21:04:37 EST" duration-ms="7" status="PASS">
          <reporter-output>
          </reporter-output>
        </test-method> <!-- getContentType -->
        <test-method signature="getResponseNullOrNot()[pri:0, instance:com.HTTP.Method.Testing.GetMethodTesting@27f981c6]" started-at="2023-01-30T21:04:37 EST" name="getResponseNullOrNot" finished-at="2023-01-30T21:04:37 EST" duration-ms="1" status="PASS">
          <reporter-output>
          </reporter-output>
        </test-method> <!-- getResponseNullOrNot -->
        <test-method signature="getResponseTime()[pri:0, instance:com.HTTP.Method.Testing.GetMethodTesting@27f981c6]" started-at="2023-01-30T21:04:37 EST" name="getResponseTime" finished-at="2023-01-30T21:04:37 EST" duration-ms="1" status="PASS">
          <reporter-output>
          </reporter-output>
        </test-method> <!-- getResponseTime -->
        <test-method signature="getStatusCode()[pri:0, instance:com.HTTP.Method.Testing.GetMethodTesting@27f981c6]" started-at="2023-01-30T21:04:37 EST" name="getStatusCode" finished-at="2023-01-30T21:04:37 EST" duration-ms="1" status="PASS">
          <reporter-output>
          </reporter-output>
        </test-method> <!-- getStatusCode -->
      </class> <!-- com.HTTP.Method.Testing.GetMethodTesting -->
    </test> <!-- Test -->
  </suite> <!-- Suite -->
</testng-results>
